# JRE version: OpenJDK Runtime Environment (11.0.12+7) (build 11.0.12+7-b1504.28-7817840)
# Java VM: OpenJDK 64-Bit Server VM (11.0.12+7-b1504.28-7817840, mixed mode, tiered, compressed oops, g1 gc, windows-amd64)
Heap:
 garbage-first heap   total 258048K, used 144487K [0x0000000080000000, 0x0000000100000000)
  region size 1024K, 95 young (97280K), 4 survivors (4096K)
 Metaspace       used 67626K, capacity 69240K, committed 69292K, reserved 1110016K
  class space    used 8603K, capacity 9202K, committed 9216K, reserved 1048576K
GC Heap History (18 events):
Event: 0.917 GC heap before
{Heap before GC invocations=0 (full 0):
 garbage-first heap   total 258048K, used 30720K [0x0000000080000000, 0x0000000100000000)
  region size 1024K, 24 young (24576K), 0 survivors (0K)
 Metaspace       used 10228K, capacity 10491K, committed 10624K, reserved 1058816K
  class space    used 1072K, capacity 1141K, committed 1152K, reserved 1048576K
}
Event: 0.924 GC heap after
{Heap after GC invocations=1 (full 0):
 garbage-first heap   total 258048K, used 9226K [0x0000000080000000, 0x0000000100000000)
  region size 1024K, 3 young (3072K), 3 survivors (3072K)
 Metaspace       used 10228K, capacity 10491K, committed 10624K, reserved 1058816K
  class space    used 1072K, capacity 1141K, committed 1152K, reserved 1048576K
}
Event: 1.161 GC heap before
{Heap before GC invocations=1 (full 0):
 garbage-first heap   total 258048K, used 31754K [0x0000000080000000, 0x0000000100000000)
  region size 1024K, 25 young (25600K), 3 survivors (3072K)
 Metaspace       used 11189K, capacity 11382K, committed 11520K, reserved 1058816K
  class space    used 1174K, capacity 1246K, committed 1280K, reserved 1048576K
}
Event: 1.164 GC heap after
{Heap after GC invocations=2 (full 0):
 garbage-first heap   total 258048K, used 10210K [0x0000000080000000, 0x0000000100000000)
  region size 1024K, 1 young (1024K), 1 survivors (1024K)
 Metaspace       used 11189K, capacity 11382K, committed 11520K, reserved 1058816K
  class space    used 1174K, capacity 1246K, committed 1280K, reserved 1048576K
}
Event: 2.270 GC heap before
{Heap before GC invocations=2 (full 0):
 garbage-first heap   total 258048K, used 66530K [0x0000000080000000, 0x0000000100000000)
  region size 1024K, 55 young (56320K), 1 survivors (1024K)
 Metaspace       used 17886K, capacity 18199K, committed 18432K, reserved 1064960K
  class space    used 2132K, capacity 2244K, committed 2304K, reserved 1048576K
}
Event: 2.275 GC heap after
{Heap after GC invocations=3 (full 0):
 garbage-first heap   total 258048K, used 16343K [0x0000000080000000, 0x0000000100000000)
  region size 1024K, 7 young (7168K), 7 survivors (7168K)
 Metaspace       used 17886K, capacity 18199K, committed 18432K, reserved 1064960K
  class space    used 2132K, capacity 2244K, committed 2304K, reserved 1048576K
}
Event: 2.559 GC heap before
{Heap before GC invocations=3 (full 0):
 garbage-first heap   total 258048K, used 40919K [0x0000000080000000, 0x0000000100000000)
  region size 1024K, 32 young (32768K), 7 survivors (7168K)
 Metaspace       used 20717K, capacity 21137K, committed 21248K, reserved 1067008K
  class space    used 2551K, capacity 2712K, committed 2816K, reserved 1048576K
}
Event: 2.567 GC heap after
{Heap after GC invocations=4 (full 0):
 garbage-first heap   total 258048K, used 17725K [0x0000000080000000, 0x0000000100000000)
  region size 1024K, 1 young (1024K), 1 survivors (1024K)
 Metaspace       used 20717K, capacity 21137K, committed 21248K, reserved 1067008K
  class space    used 2551K, capacity 2712K, committed 2816K, reserved 1048576K
}
Event: 3.657 GC heap before
{Heap before GC invocations=5 (full 0):
 garbage-first heap   total 258048K, used 102717K [0x0000000080000000, 0x0000000100000000)
  region size 1024K, 84 young (86016K), 1 survivors (1024K)
 Metaspace       used 29109K, capacity 29720K, committed 29952K, reserved 1075200K
  class space    used 3870K, capacity 4096K, committed 4096K, reserved 1048576K
}
Event: 3.662 GC heap after
{Heap after GC invocations=6 (full 0):
 garbage-first heap   total 258048K, used 20394K [0x0000000080000000, 0x0000000100000000)
  region size 1024K, 4 young (4096K), 4 survivors (4096K)
 Metaspace       used 29109K, capacity 29720K, committed 29952K, reserved 1075200K
  class space    used 3870K, capacity 4096K, committed 4096K, reserved 1048576K
}
Event: 4.108 GC heap before
{Heap before GC invocations=6 (full 0):
 garbage-first heap   total 258048K, used 47018K [0x0000000080000000, 0x0000000100000000)
  region size 1024K, 31 young (31744K), 4 survivors (4096K)
 Metaspace       used 34891K, capacity 35718K, committed 35840K, reserved 1081344K
  class space    used 4532K, capacity 4839K, committed 4864K, reserved 1048576K
}
Event: 4.117 GC heap after
{Heap after GC invocations=7 (full 0):
 garbage-first heap   total 258048K, used 22826K [0x0000000080000000, 0x0000000100000000)
  region size 1024K, 6 young (6144K), 6 survivors (6144K)
 Metaspace       used 34891K, capacity 35718K, committed 35840K, reserved 1081344K
  class space    used 4532K, capacity 4839K, committed 4864K, reserved 1048576K
}
Event: 5.412 GC heap before
{Heap before GC invocations=8 (full 0):
 garbage-first heap   total 258048K, used 131370K [0x0000000080000000, 0x0000000100000000)
  region size 1024K, 109 young (111616K), 6 survivors (6144K)
 Metaspace       used 44060K, capacity 45129K, committed 45312K, reserved 1089536K
  class space    used 5643K, capacity 6043K, committed 6144K, reserved 1048576K
}
Event: 5.422 GC heap after
{Heap after GC invocations=9 (full 0):
 garbage-first heap   total 258048K, used 29585K [0x0000000080000000, 0x0000000100000000)
  region size 1024K, 13 young (13312K), 13 survivors (13312K)
 Metaspace       used 44060K, capacity 45129K, committed 45312K, reserved 1089536K
  class space    used 5643K, capacity 6043K, committed 6144K, reserved 1048576K
}
Event: 7.027 GC heap before
{Heap before GC invocations=9 (full 0):
 garbage-first heap   total 258048K, used 154513K [0x0000000080000000, 0x0000000100000000)
  region size 1024K, 128 young (131072K), 13 survivors (13312K)
 Metaspace       used 49480K, capacity 50845K, committed 50944K, reserved 1093632K
  class space    used 6334K, capacity 6844K, committed 6912K, reserved 1048576K
}
Event: 7.042 GC heap after
{Heap after GC invocations=10 (full 0):
 garbage-first heap   total 258048K, used 48873K [0x0000000080000000, 0x0000000100000000)
  region size 1024K, 16 young (16384K), 16 survivors (16384K)
 Metaspace       used 49480K, capacity 50845K, committed 50944K, reserved 1093632K
  class space    used 6334K, capacity 6844K, committed 6912K, reserved 1048576K
}
Event: 8.157 GC heap before
{Heap before GC invocations=10 (full 0):
 garbage-first heap   total 258048K, used 112361K [0x0000000080000000, 0x0000000100000000)
  region size 1024K, 79 young (80896K), 16 survivors (16384K)
 Metaspace       used 58341K, capacity 59803K, committed 59948K, reserved 1101824K
  class space    used 7445K, capacity 8013K, committed 8064K, reserved 1048576K
}
Event: 8.185 GC heap after
{Heap after GC invocations=11 (full 0):
 garbage-first heap   total 258048K, used 52327K [0x0000000080000000, 0x0000000100000000)
  region size 1024K, 4 young (4096K), 4 survivors (4096K)
 Metaspace       used 58341K, capacity 59803K, committed 59948K, reserved 1101824K
  class space    used 7445K, capacity 8013K, committed 8064K, reserved 1048576K
}

